D:\SCHOOL\CS 174A, INTRO TO COMPUTER GRAPHICS\PROJECT 3\ASSIGNMENT3-TEMPLATE\TEMPLATE-RT\DEBUG\TEMPLATE-RT.OBJ
D:\SCHOOL\CS 174A, INTRO TO COMPUTER GRAPHICS\PROJECT 3\ASSIGNMENT3-TEMPLATE\TEMPLATE-RT\DEBUG\VC110.PDB
D:\SCHOOL\CS 174A, INTRO TO COMPUTER GRAPHICS\PROJECT 3\ASSIGNMENT3-TEMPLATE\TEMPLATE-RT\DEBUG\TEMPLATE-RT.ILK
D:\SCHOOL\CS 174A, INTRO TO COMPUTER GRAPHICS\PROJECT 3\ASSIGNMENT3-TEMPLATE\TEMPLATE-RT\DEBUG\TEMPLATE-RT.EXE
D:\SCHOOL\CS 174A, INTRO TO COMPUTER GRAPHICS\PROJECT 3\ASSIGNMENT3-TEMPLATE\TEMPLATE-RT\DEBUG\TEMPLATE-RT.PDB
D:\School\CS 174a, Intro to Computer Graphics\Project 3\assignment3-template\template-rt\Debug\template-rt.obj
D:\School\CS 174a, Intro to Computer Graphics\Project 3\assignment3-template\template-rt\Debug\template-rt.ilk
D:\School\CS 174a, Intro to Computer Graphics\Project 3\assignment3-template\template-rt\Debug\cl.command.1.tlog
D:\School\CS 174a, Intro to Computer Graphics\Project 3\assignment3-template\template-rt\Debug\CL.read.1.tlog
D:\School\CS 174a, Intro to Computer Graphics\Project 3\assignment3-template\template-rt\Debug\CL.write.1.tlog
D:\School\CS 174a, Intro to Computer Graphics\Project 3\assignment3-template\template-rt\Debug\link-cvtres.read.1.tlog
D:\School\CS 174a, Intro to Computer Graphics\Project 3\assignment3-template\template-rt\Debug\link-cvtres.write.1.tlog
D:\School\CS 174a, Intro to Computer Graphics\Project 3\assignment3-template\template-rt\Debug\link-rc.read.1.tlog
D:\School\CS 174a, Intro to Computer Graphics\Project 3\assignment3-template\template-rt\Debug\link-rc.write.1.tlog
D:\School\CS 174a, Intro to Computer Graphics\Project 3\assignment3-template\template-rt\Debug\link.command.1.tlog
D:\School\CS 174a, Intro to Computer Graphics\Project 3\assignment3-template\template-rt\Debug\link.read.1.tlog
D:\School\CS 174a, Intro to Computer Graphics\Project 3\assignment3-template\template-rt\Debug\link.write.1.tlog
D:\School\CS 174a, Intro to Computer Graphics\Project 3\assignment3-template\template-rt\Debug\vc110.idb
D:\School\CS 174a, Intro to Computer Graphics\Project 3\assignment3-template\template-rt\Debug\template-rt.pdb
D:\School\CS 174a, Intro to Computer Graphics\Project 3\assignment3-template\template-rt\Debug\vc110.pdb
